21:27:59:224 [main] INFO  - Successfully set driver path
21:27:59:469 [main] INFO  - Successfully fetched data from property file
21:28:01:442 [main] INFO  - Successfully invoked browser
21:28:07:416 [main] INFO  - Successfully switched to main window
21:28:07:452 [main] INFO  - Successfully switched to main window
21:28:07:490 [main] INFO  - Successfully switched to main window
21:28:07:523 [main] INFO  - Successfully switched to main window
21:28:07:569 [main] INFO  - Successfully switched to main window
21:28:07:618 [main] INFO  - Successfully switched to main window
21:28:07:665 [main] INFO  - Successfully switched to main window
21:28:07:712 [main] INFO  - Successfully switched to main window
21:28:07:759 [main] INFO  - Successfully switched to main window
21:28:07:806 [main] INFO  - Successfully switched to main window
21:28:07:854 [main] INFO  - Successfully switched to main window
21:28:07:900 [main] INFO  - Successfully switched to main window
21:28:07:947 [main] INFO  - Successfully switched to main window
21:28:07:993 [main] INFO  - Successfully switched to main window
21:28:08:039 [main] INFO  - Successfully switched to main window
21:28:08:069 [main] INFO  - Successfully switched to main window
21:28:08:104 [main] INFO  - Successfully switched to main window
21:28:08:152 [main] INFO  - Successfully switched to main window
21:28:08:198 [main] INFO  - Successfully switched to main window
21:28:08:243 [main] INFO  - Successfully switched to main window
21:28:08:274 [main] INFO  - Successfully switched to main window
21:28:08:562 [main] DEBUG - SuccessFully opened town in new Window
21:28:08:568 [main] INFO  - Successfully removed all window handles except for the recently opened town details window
21:28:08:587 [main] INFO  - Successfully switched to town details window
21:28:10:219 [main] INFO  - Successfully executed filterDate method of CommonLib class
21:28:10:273 [main] INFO  - Successfully switched to main window
21:28:10:308 [main] INFO  - Successfully switched to main window
21:28:10:342 [main] INFO  - Successfully switched to main window
21:28:10:390 [main] INFO  - Successfully switched to main window
21:28:10:436 [main] INFO  - Successfully switched to main window
21:28:10:485 [main] INFO  - Successfully switched to main window
21:28:10:531 [main] INFO  - Successfully switched to main window
21:28:10:562 [main] INFO  - Successfully switched to main window
21:28:10:608 [main] INFO  - Successfully switched to main window
21:28:10:640 [main] INFO  - Successfully switched to main window
21:28:10:671 [main] INFO  - Successfully switched to main window
21:28:10:719 [main] INFO  - Successfully switched to main window
21:28:10:767 [main] INFO  - Successfully switched to main window
21:28:10:813 [main] INFO  - Successfully switched to main window
21:28:10:859 [main] INFO  - Successfully switched to main window
21:28:10:903 [main] INFO  - Successfully switched to main window
21:28:10:937 [main] INFO  - Successfully switched to main window
21:28:10:985 [main] INFO  - Successfully switched to main window
21:28:11:017 [main] INFO  - Successfully switched to main window
21:28:11:061 [main] INFO  - Successfully switched to main window
21:28:11:093 [main] INFO  - Successfully switched to main window
21:28:11:141 [main] INFO  - Successfully switched to main window
21:28:11:172 [main] INFO  - Successfully switched to main window
21:28:11:203 [main] INFO  - Successfully switched to main window
21:28:11:235 [main] INFO  - Successfully switched to main window
21:28:11:286 [main] INFO  - Successfully switched to main window
21:28:11:332 [main] INFO  - Successfully switched to main window
21:28:11:380 [main] INFO  - Successfully switched to main window
21:28:11:424 [main] INFO  - Successfully switched to main window
21:28:11:476 [main] INFO  - Successfully switched to main window
21:28:11:536 [main] INFO  - Successfully switched to main window
21:28:11:582 [main] INFO  - Successfully switched to main window
21:28:11:630 [main] INFO  - Successfully switched to main window
21:28:11:675 [main] INFO  - Successfully switched to main window
21:28:11:724 [main] INFO  - Successfully switched to main window
21:28:11:769 [main] INFO  - Successfully switched to main window
21:28:11:816 [main] INFO  - Successfully switched to main window
21:28:11:864 [main] INFO  - Successfully switched to main window
21:28:11:912 [main] INFO  - Successfully switched to main window
21:28:11:959 [main] INFO  - Successfully switched to main window
21:28:12:007 [main] INFO  - Successfully switched to main window
21:28:12:069 [main] INFO  - Successfully switched to main window
21:28:12:116 [main] INFO  - Successfully switched to main window
21:28:12:163 [main] INFO  - Successfully switched to main window
21:28:12:209 [main] INFO  - Successfully switched to main window
21:28:12:256 [main] INFO  - Successfully switched to main window
21:28:12:288 [main] INFO  - Successfully switched to main window
21:28:12:322 [main] INFO  - Successfully switched to main window
21:28:12:351 [main] INFO  - Successfully switched to main window
21:28:12:398 [main] INFO  - Successfully switched to main window
21:28:12:444 [main] INFO  - Successfully switched to main window
21:28:12:495 [main] INFO  - Successfully switched to main window
21:28:12:543 [main] INFO  - Successfully switched to main window
21:28:12:585 [main] INFO  - Successfully switched to main window
21:28:12:633 [main] INFO  - Successfully switched to main window
21:28:12:681 [main] INFO  - Successfully switched to main window
21:28:12:726 [main] INFO  - Successfully switched to main window
21:28:12:773 [main] INFO  - Successfully switched to main window
21:28:12:821 [main] INFO  - Successfully switched to main window
21:28:12:869 [main] INFO  - Successfully switched to main window
21:28:12:915 [main] INFO  - Successfully switched to main window
21:28:12:978 [main] INFO  - Successfully switched to main window
21:28:13:008 [main] INFO  - Successfully switched to main window
21:28:13:043 [main] INFO  - Successfully switched to main window
21:28:13:073 [main] INFO  - Successfully switched to main window
21:28:13:102 [main] INFO  - Successfully switched to main window
21:28:13:118 [main] INFO  - Successfully switched to main window
21:28:13:154 [main] INFO  - Successfully switched to main window
21:28:13:201 [main] INFO  - Successfully switched to main window
21:28:13:248 [main] INFO  - Successfully switched to main window
21:28:13:293 [main] INFO  - Successfully switched to main window
21:28:13:330 [main] INFO  - Successfully switched to main window
21:28:13:358 [main] INFO  - Successfully switched to main window
21:28:13:389 [main] INFO  - Successfully switched to main window
21:28:13:421 [main] INFO  - Successfully switched to main window
21:28:13:452 [main] INFO  - Successfully switched to main window
21:28:13:484 [main] INFO  - Successfully switched to main window
21:28:13:517 [main] INFO  - Successfully switched to main window
21:28:13:558 [main] INFO  - Successfully switched to main window
21:28:13:601 [main] INFO  - Successfully switched to main window
21:28:13:625 [main] INFO  - Successfully switched to main window
21:28:13:659 [main] INFO  - Successfully switched to main window
21:28:13:691 [main] INFO  - Successfully switched to main window
21:28:13:722 [main] INFO  - Successfully switched to main window
21:28:13:754 [main] INFO  - Successfully switched to main window
21:28:13:785 [main] INFO  - Successfully switched to main window
21:28:13:817 [main] INFO  - Successfully switched to main window
21:28:13:849 [main] INFO  - Successfully switched to main window
21:28:13:879 [main] INFO  - Successfully switched to main window
21:28:13:909 [main] INFO  - Successfully switched to main window
21:28:13:942 [main] INFO  - Successfully switched to main window
21:28:13:974 [main] INFO  - Successfully switched to main window
21:28:14:006 [main] INFO  - Successfully switched to main window
21:28:14:036 [main] INFO  - Successfully switched to main window
21:28:14:067 [main] INFO  - Successfully switched to main window
21:28:14:102 [main] INFO  - Successfully switched to main window
21:28:14:131 [main] INFO  - Successfully switched to main window
21:28:14:162 [main] INFO  - Successfully switched to main window
21:28:14:192 [main] INFO  - Successfully switched to main window
21:28:14:226 [main] INFO  - Successfully switched to main window
21:28:14:259 [main] INFO  - Successfully switched to main window
21:28:14:285 [main] INFO  - Successfully switched to main window
21:28:14:318 [main] INFO  - Successfully switched to main window
21:28:14:349 [main] INFO  - Successfully switched to main window
21:28:14:381 [main] INFO  - Successfully switched to main window
21:28:14:410 [main] INFO  - Successfully switched to main window
21:28:14:471 [main] INFO  - Successfully switched to main window
21:28:14:512 [main] INFO  - Successfully switched to main window
21:28:14:537 [main] INFO  - Successfully switched to main window
21:28:14:570 [main] INFO  - Successfully switched to main window
21:28:14:601 [main] INFO  - Successfully switched to main window
21:28:14:633 [main] INFO  - Successfully switched to main window
21:28:14:665 [main] INFO  - Successfully switched to main window
21:28:14:696 [main] INFO  - Successfully switched to main window
21:28:14:728 [main] INFO  - Successfully switched to main window
21:28:14:760 [main] INFO  - Successfully switched to main window
21:28:14:790 [main] INFO  - Successfully switched to main window
21:28:14:822 [main] INFO  - Successfully switched to main window
21:28:14:853 [main] INFO  - Successfully switched to main window
21:28:14:884 [main] INFO  - Successfully switched to main window
21:28:14:916 [main] INFO  - Successfully switched to main window
21:28:14:946 [main] INFO  - Successfully switched to main window
21:28:14:977 [main] INFO  - Successfully switched to main window
21:28:14:997 [main] INFO  - Successfully switched to main window
21:28:15:025 [main] INFO  - Successfully switched to main window
21:28:15:040 [main] INFO  - Successfully switched to main window
21:28:15:057 [main] INFO  - Successfully switched to main window
21:28:15:090 [main] INFO  - Successfully switched to main window
21:28:15:128 [main] INFO  - Successfully switched to main window
21:28:15:156 [main] INFO  - Successfully switched to main window
21:28:15:182 [main] INFO  - Successfully switched to main window
21:28:15:214 [main] INFO  - Successfully switched to main window
21:28:15:246 [main] INFO  - Successfully switched to main window
21:28:15:278 [main] INFO  - Successfully switched to main window
21:28:15:310 [main] INFO  - Successfully switched to main window
21:28:15:354 [main] INFO  - Successfully switched to main window
21:28:15:393 [main] INFO  - Successfully switched to main window
21:28:15:419 [main] INFO  - Successfully switched to main window
21:28:15:449 [main] INFO  - Successfully switched to main window
21:28:15:482 [main] INFO  - Successfully switched to main window
21:28:15:514 [main] INFO  - Successfully switched to main window
21:28:15:545 [main] INFO  - Successfully switched to main window
21:28:15:575 [main] INFO  - Successfully switched to main window
21:28:15:653 [main] INFO  - Successfully switched to main window
21:28:15:687 [main] INFO  - Successfully switched to main window
21:28:15:716 [main] INFO  - Successfully switched to main window
21:28:15:748 [main] INFO  - Successfully switched to main window
21:28:15:780 [main] INFO  - Successfully switched to main window
21:28:15:812 [main] INFO  - Successfully switched to main window
21:28:15:844 [main] INFO  - Successfully switched to main window
21:28:15:874 [main] INFO  - Successfully switched to main window
21:28:15:924 [main] INFO  - Successfully switched to main window
21:28:15:956 [main] INFO  - Successfully switched to main window
21:28:15:985 [main] INFO  - Successfully switched to main window
21:28:16:017 [main] INFO  - Successfully switched to main window
21:28:16:048 [main] INFO  - Successfully switched to main window
21:28:16:079 [main] INFO  - Successfully switched to main window
21:28:16:110 [main] INFO  - Successfully switched to main window
21:28:16:158 [main] INFO  - Successfully switched to main window
21:28:16:193 [main] INFO  - Successfully switched to main window
21:28:16:220 [main] INFO  - Successfully switched to main window
21:28:16:251 [main] INFO  - Successfully switched to main window
21:28:16:282 [main] INFO  - Successfully switched to main window
21:28:16:298 [main] INFO  - Successfully switched to main window
21:28:16:313 [main] INFO  - Successfully switched to main window
21:28:16:329 [main] INFO  - Successfully switched to main window
21:28:16:346 [main] INFO  - Successfully switched to main window
21:28:16:364 [main] INFO  - Successfully switched to main window
21:28:16:395 [main] INFO  - Successfully switched to main window
21:28:16:427 [main] INFO  - Successfully switched to main window
21:28:16:458 [main] INFO  - Successfully switched to main window
21:28:16:489 [main] INFO  - Successfully switched to main window
21:28:16:521 [main] INFO  - Successfully switched to main window
21:28:16:552 [main] INFO  - Successfully switched to main window
21:28:16:582 [main] INFO  - Successfully switched to main window
21:28:16:612 [main] INFO  - Successfully switched to main window
21:28:16:645 [main] INFO  - Successfully switched to main window
21:28:16:676 [main] INFO  - Successfully switched to main window
21:28:16:708 [main] INFO  - Successfully switched to main window
21:28:16:745 [main] INFO  - Successfully switched to main window
21:28:16:775 [main] INFO  - Successfully switched to main window
21:28:16:803 [main] INFO  - Successfully switched to main window
21:28:16:834 [main] INFO  - Successfully switched to main window
21:28:16:865 [main] INFO  - Successfully switched to main window
21:28:16:897 [main] INFO  - Successfully switched to main window
21:28:16:928 [main] INFO  - Successfully switched to main window
21:28:16:968 [main] INFO  - Successfully switched to main window
21:28:17:012 [main] INFO  - Successfully switched to main window
21:28:17:036 [main] INFO  - Successfully switched to main window
21:28:17:068 [main] INFO  - Successfully switched to main window
21:28:17:100 [main] INFO  - Successfully switched to main window
21:28:17:131 [main] INFO  - Successfully switched to main window
21:28:17:162 [main] INFO  - Successfully switched to main window
21:28:17:194 [main] INFO  - Successfully switched to main window
21:28:17:226 [main] INFO  - Successfully switched to main window
21:28:17:257 [main] INFO  - Successfully switched to main window
21:28:17:288 [main] INFO  - Successfully switched to main window
21:28:17:322 [main] INFO  - Successfully switched to main window
21:28:17:354 [main] INFO  - Successfully switched to main window
21:28:17:401 [main] INFO  - Successfully switched to main window
21:28:17:452 [main] INFO  - Successfully switched to main window
21:28:17:511 [main] INFO  - Successfully switched to main window
21:28:17:545 [main] INFO  - Successfully switched to main window
21:28:17:573 [main] INFO  - Successfully switched to main window
21:28:17:605 [main] INFO  - Successfully switched to main window
21:28:17:636 [main] INFO  - Successfully switched to main window
21:28:17:667 [main] INFO  - Successfully switched to main window
21:28:17:709 [main] INFO  - Successfully switched to main window
21:28:17:751 [main] INFO  - Successfully switched to main window
21:28:17:774 [main] INFO  - Successfully switched to main window
21:28:17:807 [main] INFO  - Successfully switched to main window
21:28:17:838 [main] INFO  - Successfully switched to main window
21:28:18:085 [main] DEBUG - SuccessFully opened town in new Window
21:28:18:090 [main] INFO  - Successfully removed all window handles except for the recently opened town details window
21:28:18:106 [main] INFO  - Successfully switched to town details window
21:28:20:028 [main] INFO  - Successfully executed filterDate method of CommonLib class
21:28:20:084 [main] INFO  - Successfully switched to main window
21:28:20:130 [main] INFO  - Successfully switched to main window
21:28:20:152 [main] INFO  - Successfully switched to main window
21:28:20:185 [main] INFO  - Successfully switched to main window
21:28:20:217 [main] INFO  - Successfully switched to main window
21:28:20:247 [main] INFO  - Successfully switched to main window
21:28:20:278 [main] INFO  - Successfully switched to main window
21:28:20:310 [main] INFO  - Successfully switched to main window
21:28:20:342 [main] INFO  - Successfully switched to main window
21:28:20:375 [main] INFO  - Successfully switched to main window
21:28:20:424 [main] INFO  - Successfully switched to main window
21:28:20:485 [main] INFO  - Successfully switched to main window
21:28:20:533 [main] INFO  - Successfully switched to main window
21:28:20:589 [main] INFO  - Successfully switched to main window
21:28:20:625 [main] INFO  - Successfully switched to main window
21:28:20:654 [main] INFO  - Successfully switched to main window
21:28:20:685 [main] INFO  - Successfully switched to main window
21:28:20:717 [main] INFO  - Successfully switched to main window
21:28:20:765 [main] INFO  - Successfully switched to main window
21:28:20:795 [main] INFO  - Successfully switched to main window
21:28:20:828 [main] INFO  - Successfully switched to main window
21:28:20:858 [main] INFO  - Successfully switched to main window
21:28:20:890 [main] INFO  - Successfully switched to main window
21:28:20:921 [main] INFO  - Successfully switched to main window
21:28:20:952 [main] INFO  - Successfully switched to main window
21:28:20:984 [main] INFO  - Successfully switched to main window
21:28:21:016 [main] INFO  - Successfully switched to main window
21:28:21:047 [main] INFO  - Successfully switched to main window
21:28:21:078 [main] INFO  - Successfully switched to main window
21:28:21:108 [main] INFO  - Successfully switched to main window
21:28:21:137 [main] INFO  - Successfully switched to main window
21:28:21:171 [main] INFO  - Successfully switched to main window
21:28:21:203 [main] INFO  - Successfully switched to main window
21:28:21:234 [main] INFO  - Successfully switched to main window
21:28:21:266 [main] INFO  - Successfully switched to main window
21:28:21:297 [main] INFO  - Successfully switched to main window
21:28:21:328 [main] INFO  - Successfully switched to main window
21:28:21:360 [main] INFO  - Successfully switched to main window
21:28:21:391 [main] INFO  - Successfully switched to main window
21:28:21:441 [main] INFO  - Successfully switched to main window
21:28:21:487 [main] INFO  - Successfully switched to main window
21:28:21:535 [main] INFO  - Successfully switched to main window
21:28:21:583 [main] INFO  - Successfully switched to main window
21:28:21:629 [main] INFO  - Successfully switched to main window
21:28:21:658 [main] INFO  - Successfully switched to main window
21:28:21:689 [main] INFO  - Successfully switched to main window
21:28:21:720 [main] INFO  - Successfully switched to main window
21:28:21:752 [main] INFO  - Successfully switched to main window
21:28:21:783 [main] INFO  - Successfully switched to main window
21:28:21:814 [main] INFO  - Successfully switched to main window
21:28:21:845 [main] INFO  - Successfully switched to main window
21:28:21:878 [main] INFO  - Successfully switched to main window
21:28:21:910 [main] INFO  - Successfully switched to main window
21:28:21:941 [main] INFO  - Successfully switched to main window
21:28:21:973 [main] INFO  - Successfully switched to main window
21:28:22:004 [main] INFO  - Successfully switched to main window
21:28:22:035 [main] INFO  - Successfully switched to main window
21:28:22:068 [main] INFO  - Successfully switched to main window
21:28:22:100 [main] INFO  - Successfully switched to main window
21:28:22:131 [main] INFO  - Successfully switched to main window
21:28:22:341 [main] DEBUG - SuccessFully opened town in new Window
21:28:22:345 [main] INFO  - Successfully removed all window handles except for the recently opened town details window
21:28:22:365 [main] INFO  - Successfully switched to town details window
21:28:24:243 [main] INFO  - Successfully executed filterDate method of CommonLib class
21:28:24:286 [main] INFO  - Successfully filtered date03/27/2021
21:28:24:450 [main] DEBUG - SuccessFully opened view full notice link in new Tab
21:28:24:502 [main] INFO  - Successfully executed filterDate method of CommonLib class
21:28:24:528 [main] INFO  - Successfully filtered date03/27/2021
21:28:24:706 [main] DEBUG - SuccessFully opened view full notice link in new Tab
21:28:24:752 [main] INFO  - Successfully executed filterDate method of CommonLib class
21:28:24:776 [main] INFO  - Successfully filtered date03/27/2021
21:28:24:967 [main] DEBUG - SuccessFully opened view full notice link in new Tab
21:28:25:056 [main] INFO  - Successfully executed filterDate method of CommonLib class
21:28:25:117 [main] INFO  - Successfully executed filterDate method of CommonLib class
21:28:25:183 [main] INFO  - Successfully executed filterDate method of CommonLib class
21:28:25:244 [main] INFO  - Successfully executed filterDate method of CommonLib class
21:28:25:303 [main] INFO  - Successfully switched to main window
21:28:25:340 [main] INFO  - Successfully switched to main window
21:28:25:374 [main] INFO  - Successfully switched to main window
21:28:25:403 [main] INFO  - Successfully switched to main window
21:28:25:435 [main] INFO  - Successfully switched to main window
21:28:25:468 [main] INFO  - Successfully switched to main window
21:28:25:497 [main] INFO  - Successfully switched to main window
21:28:25:528 [main] INFO  - Successfully switched to main window
21:28:25:558 [main] INFO  - Successfully switched to main window
21:28:25:590 [main] INFO  - Successfully switched to main window
21:28:25:621 [main] INFO  - Successfully switched to main window
21:28:25:653 [main] INFO  - Successfully switched to main window
21:28:25:684 [main] INFO  - Successfully switched to main window
21:28:25:715 [main] INFO  - Successfully switched to main window
21:28:25:746 [main] INFO  - Successfully switched to main window
21:28:25:779 [main] INFO  - Successfully switched to main window
21:28:25:810 [main] INFO  - Successfully switched to main window
21:28:25:842 [main] INFO  - Successfully switched to main window
21:28:25:873 [main] INFO  - Successfully switched to main window
21:28:25:903 [main] INFO  - Successfully switched to main window
21:28:25:934 [main] INFO  - Successfully switched to main window
21:28:25:966 [main] INFO  - Successfully switched to main window
21:28:26:001 [main] INFO  - Successfully switched to main window
21:28:26:045 [main] INFO  - Successfully switched to main window
21:28:26:074 [main] INFO  - Successfully switched to main window
21:28:26:103 [main] INFO  - Successfully switched to main window
21:28:26:134 [main] INFO  - Successfully switched to main window
21:28:26:166 [main] INFO  - Successfully switched to main window
21:28:26:207 [main] INFO  - Successfully switched to main window
21:28:26:247 [main] INFO  - Successfully switched to main window
21:28:26:274 [main] INFO  - Successfully switched to main window
21:28:26:306 [main] INFO  - Successfully switched to main window
21:28:26:337 [main] INFO  - Successfully switched to main window
21:28:26:368 [main] INFO  - Successfully switched to main window
21:28:26:400 [main] INFO  - Successfully switched to main window
21:28:26:463 [main] INFO  - Successfully switched to main window
21:28:26:492 [main] INFO  - Successfully switched to main window
21:28:26:523 [main] INFO  - Successfully switched to main window
21:28:26:554 [main] INFO  - Successfully switched to main window
21:28:26:585 [main] INFO  - Successfully switched to main window
21:28:26:615 [main] INFO  - Successfully switched to main window
21:28:26:646 [main] INFO  - Successfully switched to main window
21:28:26:676 [main] INFO  - Successfully switched to main window
21:28:26:708 [main] INFO  - Successfully switched to main window
21:28:26:736 [main] INFO  - Successfully switched to main window
21:28:26:765 [main] INFO  - Successfully switched to main window
21:28:26:781 [main] INFO  - Successfully switched to main window
21:28:26:796 [main] INFO  - Successfully switched to main window
21:28:26:813 [main] INFO  - Successfully switched to main window
21:28:26:853 [main] INFO  - Successfully switched to main window
21:28:26:878 [main] INFO  - Successfully switched to main window
21:28:26:909 [main] INFO  - Successfully switched to main window
21:28:26:939 [main] INFO  - Successfully switched to main window
21:28:26:955 [main] INFO  - Successfully switched to main window
21:28:26:971 [main] INFO  - Successfully switched to main window
21:28:27:004 [main] INFO  - Successfully switched to main window
21:28:27:038 [main] INFO  - Successfully switched to main window
21:28:27:073 [main] INFO  - Successfully switched to main window
21:28:27:117 [main] INFO  - Successfully switched to main window
21:28:27:141 [main] INFO  - Successfully switched to main window
21:28:27:175 [main] INFO  - Successfully switched to main window
21:28:27:207 [main] INFO  - Successfully switched to main window
21:28:27:238 [main] INFO  - Successfully switched to main window
21:28:27:270 [main] INFO  - Successfully switched to main window
21:28:27:299 [main] INFO  - Successfully switched to main window
21:28:27:333 [main] INFO  - Successfully switched to main window
21:28:27:364 [main] INFO  - Successfully switched to main window
21:28:27:396 [main] INFO  - Successfully switched to main window
21:28:27:428 [main] INFO  - Successfully switched to main window
21:28:27:459 [main] INFO  - Successfully switched to main window
21:28:27:491 [main] INFO  - Successfully switched to main window
21:28:27:521 [main] INFO  - Successfully switched to main window
21:28:27:555 [main] INFO  - Successfully switched to main window
21:28:27:586 [main] INFO  - Successfully switched to main window
21:28:27:618 [main] INFO  - Successfully switched to main window
21:28:27:653 [main] INFO  - Successfully switched to main window
21:28:27:681 [main] INFO  - Successfully switched to main window
21:28:27:711 [main] INFO  - Successfully switched to main window
21:28:27:742 [main] INFO  - Successfully switched to main window
21:28:27:775 [main] INFO  - Successfully switched to main window
21:28:27:806 [main] INFO  - Successfully switched to main window
21:28:27:850 [main] INFO  - Successfully switched to main window
21:28:27:900 [main] INFO  - Successfully switched to main window
21:28:27:930 [main] INFO  - Successfully switched to main window
21:28:27:963 [main] INFO  - Successfully switched to main window
21:28:27:993 [main] INFO  - Successfully switched to main window
21:28:28:026 [main] INFO  - Successfully switched to main window
21:28:28:056 [main] INFO  - Successfully switched to main window
21:28:28:089 [main] INFO  - Successfully switched to main window
21:28:28:119 [main] INFO  - Successfully switched to main window
21:28:28:151 [main] INFO  - Successfully switched to main window
21:28:28:182 [main] INFO  - Successfully switched to main window
21:28:28:213 [main] INFO  - Successfully switched to main window
21:28:28:243 [main] INFO  - Successfully switched to main window
21:28:28:274 [main] INFO  - Successfully switched to main window
21:28:28:302 [main] INFO  - Successfully switched to main window
21:28:28:318 [main] INFO  - Successfully switched to main window
21:28:28:355 [main] INFO  - Successfully switched to main window
21:28:28:388 [main] INFO  - Successfully switched to main window
21:28:28:415 [main] INFO  - Successfully switched to main window
21:28:28:447 [main] INFO  - Successfully switched to main window
21:28:28:671 [main] DEBUG - SuccessFully opened town in new Window
21:28:28:674 [main] INFO  - Successfully removed all window handles except for the recently opened town details window
21:28:28:703 [main] INFO  - Successfully switched to town details window
21:28:30:980 [main] INFO  - Successfully executed filterDate method of CommonLib class
21:28:31:007 [main] INFO  - Successfully filtered date03/27/2021
21:28:31:212 [main] DEBUG - SuccessFully opened view full notice link in new Tab
21:28:31:253 [main] INFO  - Successfully executed filterDate method of CommonLib class
21:28:31:281 [main] INFO  - Successfully filtered date03/27/2021
21:28:31:474 [main] DEBUG - SuccessFully opened view full notice link in new Tab
21:28:31:565 [main] INFO  - Successfully executed filterDate method of CommonLib class
21:28:31:594 [main] INFO  - Successfully filtered date03/27/2021
21:28:31:864 [main] DEBUG - SuccessFully opened view full notice link in new Tab
21:28:31:931 [main] INFO  - Successfully executed filterDate method of CommonLib class
21:28:31:957 [main] INFO  - Successfully switched to main window
21:28:32:007 [main] INFO  - Successfully switched to main window
21:28:32:045 [main] INFO  - Successfully switched to main window
21:28:32:076 [main] INFO  - Successfully switched to main window
21:28:32:109 [main] INFO  - Successfully switched to main window
21:28:32:141 [main] INFO  - Successfully switched to main window
21:28:32:172 [main] INFO  - Successfully switched to main window
21:28:32:222 [main] INFO  - Successfully switched to main window
21:28:32:270 [main] INFO  - Successfully switched to main window
21:28:32:318 [main] INFO  - Successfully switched to main window
21:28:32:380 [main] INFO  - Successfully switched to main window
21:28:32:426 [main] INFO  - Successfully switched to main window
21:28:32:493 [main] INFO  - Successfully switched to main window
21:28:32:552 [main] INFO  - Successfully switched to main window
21:28:32:614 [main] INFO  - Successfully switched to main window
21:28:32:708 [main] INFO  - Successfully switched to main window
21:28:32:804 [main] INFO  - Successfully switched to main window
21:28:32:850 [main] INFO  - Successfully switched to main window
21:28:32:890 [main] INFO  - Successfully switched to main window
21:28:32:921 [main] INFO  - Successfully switched to main window
21:28:32:958 [main] INFO  - Successfully switched to main window
21:28:32:984 [main] INFO  - Successfully switched to main window
21:28:33:015 [main] INFO  - Successfully switched to main window
21:28:33:045 [main] INFO  - Successfully switched to main window
21:28:33:077 [main] INFO  - Successfully switched to main window
21:28:33:107 [main] INFO  - Successfully switched to main window
21:28:33:138 [main] INFO  - Successfully switched to main window
21:28:33:183 [main] INFO  - Successfully switched to main window
21:28:33:221 [main] INFO  - Successfully switched to main window
21:28:33:247 [main] INFO  - Successfully switched to main window
21:28:33:276 [main] INFO  - Successfully switched to main window
21:28:33:310 [main] INFO  - Successfully switched to main window
21:28:33:356 [main] INFO  - Successfully switched to main window
21:28:33:404 [main] INFO  - Successfully switched to main window
21:28:33:451 [main] INFO  - Successfully switched to main window
21:28:33:480 [main] INFO  - Successfully switched to main window
21:28:33:514 [main] INFO  - Successfully switched to main window
21:28:33:545 [main] INFO  - Successfully switched to main window
21:28:33:593 [main] INFO  - Successfully switched to main window
21:28:33:640 [main] INFO  - Successfully switched to main window
21:28:33:687 [main] INFO  - Successfully switched to main window
21:28:33:735 [main] INFO  - Successfully switched to main window
21:28:33:783 [main] INFO  - Successfully switched to main window
21:28:33:812 [main] INFO  - Successfully switched to main window
21:28:33:846 [main] INFO  - Successfully switched to main window
21:28:33:891 [main] INFO  - Successfully switched to main window
21:28:33:936 [main] INFO  - Successfully switched to main window
21:28:33:969 [main] INFO  - Successfully switched to main window
21:28:34:028 [main] INFO  - Successfully switched to main window
21:28:34:060 [main] INFO  - Successfully switched to main window
21:28:34:087 [main] INFO  - Successfully switched to main window
21:28:34:118 [main] INFO  - Successfully switched to main window
21:28:34:151 [main] INFO  - Successfully switched to main window
21:28:34:200 [main] INFO  - Successfully switched to main window
21:28:34:256 [main] INFO  - Successfully switched to main window
21:28:34:297 [main] INFO  - Successfully switched to main window
21:28:34:338 [main] INFO  - Successfully switched to main window
21:28:34:369 [main] INFO  - Successfully switched to main window
21:28:34:399 [main] INFO  - Successfully switched to main window
21:28:34:433 [main] INFO  - Successfully switched to main window
21:28:34:480 [main] INFO  - Successfully switched to main window
21:28:34:541 [main] INFO  - Successfully switched to main window
21:28:34:572 [main] INFO  - Successfully switched to main window
21:28:34:605 [main] INFO  - Successfully switched to main window
21:28:34:652 [main] INFO  - Successfully switched to main window
21:28:34:699 [main] INFO  - Successfully switched to main window
21:28:34:745 [main] INFO  - Successfully switched to main window
21:28:34:798 [main] INFO  - Successfully switched to main window
21:28:34:844 [main] INFO  - Successfully switched to main window
21:28:34:885 [main] INFO  - Successfully switched to main window
21:28:34:932 [main] INFO  - Successfully switched to main window
21:28:34:977 [main] INFO  - Successfully switched to main window
21:28:35:035 [main] INFO  - Successfully switched to main window
21:28:35:084 [main] INFO  - Successfully switched to main window
21:28:35:117 [main] INFO  - Successfully switched to main window
21:28:35:151 [main] INFO  - Successfully switched to main window
21:28:35:197 [main] INFO  - Successfully switched to main window
21:28:35:241 [main] INFO  - Successfully switched to main window
21:28:35:289 [main] INFO  - Successfully switched to main window
21:28:35:336 [main] INFO  - Successfully switched to main window
21:28:35:381 [main] INFO  - Successfully switched to main window
21:28:35:414 [main] INFO  - Successfully switched to main window
21:28:35:462 [main] INFO  - Successfully switched to main window
21:28:35:509 [main] INFO  - Successfully switched to main window
21:28:35:557 [main] INFO  - Successfully switched to main window
21:28:35:588 [main] INFO  - Successfully switched to main window
21:28:35:619 [main] INFO  - Successfully switched to main window
21:28:35:666 [main] INFO  - Successfully switched to main window
21:28:35:711 [main] INFO  - Successfully switched to main window
21:28:35:757 [main] INFO  - Successfully switched to main window
21:28:35:806 [main] INFO  - Successfully switched to main window
21:28:35:855 [main] INFO  - Successfully switched to main window
21:28:35:896 [main] INFO  - Successfully switched to main window
21:28:35:928 [main] INFO  - Successfully switched to main window
21:28:35:960 [main] INFO  - Successfully switched to main window
21:28:36:008 [main] INFO  - Successfully switched to main window
21:28:36:055 [main] INFO  - Successfully switched to main window
21:28:36:086 [main] INFO  - Successfully switched to main window
