21:30:35:549 [main] INFO  - Successfully switched to main window
21:30:35:580 [main] INFO  - Successfully switched to main window
21:30:35:841 [main] DEBUG - SuccessFully opened town in new Window
21:30:35:845 [main] INFO  - Successfully removed all window handles except for the recently opened town details window
21:30:35:867 [main] INFO  - Successfully switched to town details window
21:30:37:104 [main] INFO  - Successfully executed filterDate method of CommonLib class
21:30:37:124 [main] INFO  - Successfully filtered date03/27/2021
21:30:37:318 [main] DEBUG - SuccessFully opened view full notice link in new Tab
21:30:37:365 [main] INFO  - Successfully executed filterDate method of CommonLib class
21:30:37:391 [main] INFO  - Successfully filtered date03/27/2021
21:30:37:653 [main] DEBUG - SuccessFully opened view full notice link in new Tab
21:30:37:694 [main] INFO  - Successfully executed filterDate method of CommonLib class
21:30:37:732 [main] INFO  - Successfully filtered date03/27/2021
21:30:37:954 [main] DEBUG - SuccessFully opened view full notice link in new Tab
21:30:38:054 [main] INFO  - Successfully executed filterDate method of CommonLib class
21:30:38:106 [main] INFO  - Successfully executed filterDate method of CommonLib class
21:30:38:216 [main] INFO  - Successfully executed filterDate method of CommonLib class
21:30:38:288 [main] INFO  - Successfully executed filterDate method of CommonLib class
21:30:38:330 [main] INFO  - Successfully switched to main window
21:30:38:416 [main] INFO  - Successfully switched to main window
21:30:38:485 [main] INFO  - Successfully switched to main window
21:30:38:540 [main] INFO  - Successfully switched to main window
21:30:38:587 [main] INFO  - Successfully switched to main window
21:30:38:636 [main] INFO  - Successfully switched to main window
21:30:38:774 [main] INFO  - Successfully switched to main window
21:30:38:823 [main] INFO  - Successfully switched to main window
21:30:38:847 [main] INFO  - Successfully switched to main window
21:30:38:879 [main] INFO  - Successfully switched to main window
21:30:38:910 [main] INFO  - Successfully switched to main window
21:30:38:941 [main] INFO  - Successfully switched to main window
21:30:38:973 [main] INFO  - Successfully switched to main window
21:30:39:006 [main] INFO  - Successfully switched to main window
21:30:39:036 [main] INFO  - Successfully switched to main window
21:30:39:067 [main] INFO  - Successfully switched to main window
21:30:39:099 [main] INFO  - Successfully switched to main window
21:30:39:144 [main] INFO  - Successfully switched to main window
21:30:39:176 [main] INFO  - Successfully switched to main window
21:30:39:207 [main] INFO  - Successfully switched to main window
21:30:39:239 [main] INFO  - Successfully switched to main window
21:30:39:269 [main] INFO  - Successfully switched to main window
21:30:39:301 [main] INFO  - Successfully switched to main window
21:30:39:332 [main] INFO  - Successfully switched to main window
21:30:39:364 [main] INFO  - Successfully switched to main window
21:30:39:396 [main] INFO  - Successfully switched to main window
21:30:39:428 [main] INFO  - Successfully switched to main window
21:30:39:459 [main] INFO  - Successfully switched to main window
21:30:39:490 [main] INFO  - Successfully switched to main window
21:30:39:521 [main] INFO  - Successfully switched to main window
21:30:39:553 [main] INFO  - Successfully switched to main window
21:30:39:584 [main] INFO  - Successfully switched to main window
21:30:39:619 [main] INFO  - Successfully switched to main window
21:30:39:647 [main] INFO  - Successfully switched to main window
21:30:39:677 [main] INFO  - Successfully switched to main window
21:30:39:744 [main] INFO  - Successfully switched to main window
21:30:39:800 [main] INFO  - Successfully switched to main window
21:30:39:840 [main] INFO  - Successfully switched to main window
21:30:39:879 [main] INFO  - Successfully switched to main window
21:30:39:911 [main] INFO  - Successfully switched to main window
21:30:39:941 [main] INFO  - Successfully switched to main window
21:30:39:976 [main] INFO  - Successfully switched to main window
21:30:40:022 [main] INFO  - Successfully switched to main window
21:30:40:069 [main] INFO  - Successfully switched to main window
21:30:40:100 [main] INFO  - Successfully switched to main window
21:30:40:130 [main] INFO  - Successfully switched to main window
21:30:40:161 [main] INFO  - Successfully switched to main window
21:30:40:192 [main] INFO  - Successfully switched to main window
21:30:40:226 [main] INFO  - Successfully switched to main window
21:30:40:273 [main] INFO  - Successfully switched to main window
21:30:40:320 [main] INFO  - Successfully switched to main window
21:30:40:350 [main] INFO  - Successfully switched to main window
21:30:40:382 [main] INFO  - Successfully switched to main window
21:30:40:415 [main] INFO  - Successfully switched to main window
21:30:40:449 [main] INFO  - Successfully switched to main window
21:30:40:498 [main] INFO  - Successfully switched to main window
21:30:40:546 [main] INFO  - Successfully switched to main window
21:30:40:570 [main] INFO  - Successfully switched to main window
21:30:40:604 [main] INFO  - Successfully switched to main window
21:30:40:650 [main] INFO  - Successfully switched to main window
21:30:40:702 [main] INFO  - Successfully switched to main window
21:30:40:748 [main] INFO  - Successfully switched to main window
21:30:40:790 [main] INFO  - Successfully switched to main window
21:30:40:839 [main] INFO  - Successfully switched to main window
21:30:40:867 [main] INFO  - Successfully switched to main window
21:30:40:900 [main] INFO  - Successfully switched to main window
21:30:40:950 [main] INFO  - Successfully switched to main window
21:30:40:994 [main] INFO  - Successfully switched to main window
21:30:41:024 [main] INFO  - Successfully switched to main window
21:30:41:056 [main] INFO  - Successfully switched to main window
21:30:41:102 [main] INFO  - Successfully switched to main window
21:30:41:135 [main] INFO  - Successfully switched to main window
21:30:41:184 [main] INFO  - Successfully switched to main window
21:30:41:233 [main] INFO  - Successfully switched to main window
21:30:41:263 [main] INFO  - Successfully switched to main window
21:30:41:293 [main] INFO  - Successfully switched to main window
21:30:41:340 [main] INFO  - Successfully switched to main window
21:30:41:387 [main] INFO  - Successfully switched to main window
21:30:41:452 [main] INFO  - Successfully switched to main window
21:30:41:501 [main] INFO  - Successfully switched to main window
21:30:41:544 [main] INFO  - Successfully switched to main window
21:30:41:590 [main] INFO  - Successfully switched to main window
21:30:41:621 [main] INFO  - Successfully switched to main window
21:30:41:654 [main] INFO  - Successfully switched to main window
21:30:41:699 [main] INFO  - Successfully switched to main window
21:30:41:729 [main] INFO  - Successfully switched to main window
21:30:41:764 [main] INFO  - Successfully switched to main window
21:30:41:811 [main] INFO  - Successfully switched to main window
21:30:41:858 [main] INFO  - Successfully switched to main window
21:30:41:904 [main] INFO  - Successfully switched to main window
21:30:41:951 [main] INFO  - Successfully switched to main window
21:30:42:000 [main] INFO  - Successfully switched to main window
21:30:42:033 [main] INFO  - Successfully switched to main window
21:30:42:061 [main] INFO  - Successfully switched to main window
21:30:42:107 [main] INFO  - Successfully switched to main window
21:30:42:155 [main] INFO  - Successfully switched to main window
21:30:42:216 [main] INFO  - Successfully switched to main window
21:30:42:268 [main] INFO  - Successfully switched to main window
21:30:42:293 [main] INFO  - Successfully switched to main window
21:30:42:325 [main] INFO  - Successfully switched to main window
21:30:42:357 [main] INFO  - Successfully switched to main window
21:30:42:605 [main] DEBUG - SuccessFully opened town in new Window
21:30:42:609 [main] INFO  - Successfully removed all window handles except for the recently opened town details window
21:30:42:620 [main] INFO  - Successfully switched to town details window
21:30:43:133 [main] INFO  - Successfully executed filterDate method of CommonLib class
21:30:43:174 [main] INFO  - Successfully filtered date03/27/2021
21:30:43:399 [main] DEBUG - SuccessFully opened view full notice link in new Tab
21:30:43:488 [main] INFO  - Successfully executed filterDate method of CommonLib class
21:30:43:509 [main] INFO  - Successfully filtered date03/27/2021
21:30:43:681 [main] DEBUG - SuccessFully opened view full notice link in new Tab
21:30:43:748 [main] INFO  - Successfully executed filterDate method of CommonLib class
21:30:43:786 [main] INFO  - Successfully filtered date03/27/2021
21:30:44:060 [main] DEBUG - SuccessFully opened view full notice link in new Tab
21:30:44:152 [main] INFO  - Successfully executed filterDate method of CommonLib class
21:30:44:201 [main] INFO  - Successfully switched to main window
21:30:44:252 [main] INFO  - Successfully switched to main window
21:30:44:290 [main] INFO  - Successfully switched to main window
21:30:44:319 [main] INFO  - Successfully switched to main window
21:30:44:354 [main] INFO  - Successfully switched to main window
21:30:44:401 [main] INFO  - Successfully switched to main window
21:30:44:449 [main] INFO  - Successfully switched to main window
21:30:44:481 [main] INFO  - Successfully switched to main window
21:30:44:517 [main] INFO  - Successfully switched to main window
21:30:44:556 [main] INFO  - Successfully switched to main window
21:30:44:587 [main] INFO  - Successfully switched to main window
21:30:44:618 [main] INFO  - Successfully switched to main window
21:30:44:649 [main] INFO  - Successfully switched to main window
