21:30:06:884 [main] INFO  - Successfully set driver path
21:30:07:134 [main] INFO  - Successfully fetched data from property file
21:30:09:035 [main] INFO  - Successfully invoked browser
21:30:22:980 [main] INFO  - Successfully switched to main window
21:30:23:026 [main] INFO  - Successfully switched to main window
21:30:23:073 [main] INFO  - Successfully switched to main window
21:30:23:121 [main] INFO  - Successfully switched to main window
21:30:23:167 [main] INFO  - Successfully switched to main window
21:30:23:214 [main] INFO  - Successfully switched to main window
21:30:23:261 [main] INFO  - Successfully switched to main window
21:30:23:310 [main] INFO  - Successfully switched to main window
21:30:23:357 [main] INFO  - Successfully switched to main window
21:30:23:405 [main] INFO  - Successfully switched to main window
21:30:23:452 [main] INFO  - Successfully switched to main window
21:30:23:496 [main] INFO  - Successfully switched to main window
21:30:23:543 [main] INFO  - Successfully switched to main window
21:30:23:592 [main] INFO  - Successfully switched to main window
21:30:23:639 [main] INFO  - Successfully switched to main window
21:30:23:687 [main] INFO  - Successfully switched to main window
21:30:23:734 [main] INFO  - Successfully switched to main window
21:30:23:781 [main] INFO  - Successfully switched to main window
21:30:23:829 [main] INFO  - Successfully switched to main window
21:30:23:875 [main] INFO  - Successfully switched to main window
21:30:23:922 [main] INFO  - Successfully switched to main window
21:30:24:206 [main] DEBUG - SuccessFully opened town in new Window
21:30:24:211 [main] INFO  - Successfully removed all window handles except for the recently opened town details window
21:30:24:220 [main] INFO  - Successfully switched to town details window
21:30:24:770 [main] INFO  - Successfully executed filterDate method of CommonLib class
21:30:24:824 [main] INFO  - Successfully switched to main window
21:30:24:879 [main] INFO  - Successfully switched to main window
21:30:24:925 [main] INFO  - Successfully switched to main window
21:30:24:973 [main] INFO  - Successfully switched to main window
21:30:25:018 [main] INFO  - Successfully switched to main window
21:30:25:069 [main] INFO  - Successfully switched to main window
21:30:25:130 [main] INFO  - Successfully switched to main window
21:30:25:178 [main] INFO  - Successfully switched to main window
21:30:25:224 [main] INFO  - Successfully switched to main window
21:30:25:271 [main] INFO  - Successfully switched to main window
21:30:25:318 [main] INFO  - Successfully switched to main window
21:30:25:367 [main] INFO  - Successfully switched to main window
21:30:25:414 [main] INFO  - Successfully switched to main window
21:30:25:462 [main] INFO  - Successfully switched to main window
21:30:25:507 [main] INFO  - Successfully switched to main window
21:30:25:555 [main] INFO  - Successfully switched to main window
21:30:25:602 [main] INFO  - Successfully switched to main window
21:30:25:650 [main] INFO  - Successfully switched to main window
21:30:25:696 [main] INFO  - Successfully switched to main window
21:30:25:743 [main] INFO  - Successfully switched to main window
21:30:25:790 [main] INFO  - Successfully switched to main window
21:30:25:838 [main] INFO  - Successfully switched to main window
21:30:25:885 [main] INFO  - Successfully switched to main window
21:30:25:932 [main] INFO  - Successfully switched to main window
21:30:25:980 [main] INFO  - Successfully switched to main window
21:30:26:026 [main] INFO  - Successfully switched to main window
21:30:26:073 [main] INFO  - Successfully switched to main window
21:30:26:121 [main] INFO  - Successfully switched to main window
21:30:26:169 [main] INFO  - Successfully switched to main window
21:30:26:217 [main] INFO  - Successfully switched to main window
21:30:26:265 [main] INFO  - Successfully switched to main window
21:30:26:311 [main] INFO  - Successfully switched to main window
21:30:26:359 [main] INFO  - Successfully switched to main window
21:30:26:390 [main] INFO  - Successfully switched to main window
21:30:26:422 [main] INFO  - Successfully switched to main window
21:30:26:470 [main] INFO  - Successfully switched to main window
21:30:26:517 [main] INFO  - Successfully switched to main window
21:30:26:564 [main] INFO  - Successfully switched to main window
21:30:26:611 [main] INFO  - Successfully switched to main window
21:30:26:658 [main] INFO  - Successfully switched to main window
21:30:26:706 [main] INFO  - Successfully switched to main window
21:30:26:753 [main] INFO  - Successfully switched to main window
21:30:26:800 [main] INFO  - Successfully switched to main window
21:30:26:847 [main] INFO  - Successfully switched to main window
21:30:26:895 [main] INFO  - Successfully switched to main window
21:30:26:940 [main] INFO  - Successfully switched to main window
21:30:26:974 [main] INFO  - Successfully switched to main window
21:30:27:022 [main] INFO  - Successfully switched to main window
21:30:27:069 [main] INFO  - Successfully switched to main window
21:30:27:116 [main] INFO  - Successfully switched to main window
21:30:27:163 [main] INFO  - Successfully switched to main window
21:30:27:210 [main] INFO  - Successfully switched to main window
21:30:27:257 [main] INFO  - Successfully switched to main window
21:30:27:305 [main] INFO  - Successfully switched to main window
21:30:27:352 [main] INFO  - Successfully switched to main window
21:30:27:399 [main] INFO  - Successfully switched to main window
21:30:27:447 [main] INFO  - Successfully switched to main window
21:30:27:496 [main] INFO  - Successfully switched to main window
21:30:27:542 [main] INFO  - Successfully switched to main window
21:30:27:588 [main] INFO  - Successfully switched to main window
21:30:27:636 [main] INFO  - Successfully switched to main window
21:30:27:699 [main] INFO  - Successfully switched to main window
21:30:27:727 [main] INFO  - Successfully switched to main window
21:30:27:761 [main] INFO  - Successfully switched to main window
21:30:27:794 [main] INFO  - Successfully switched to main window
21:30:27:825 [main] INFO  - Successfully switched to main window
21:30:27:857 [main] INFO  - Successfully switched to main window
21:30:27:886 [main] INFO  - Successfully switched to main window
21:30:27:918 [main] INFO  - Successfully switched to main window
21:30:27:950 [main] INFO  - Successfully switched to main window
21:30:27:982 [main] INFO  - Successfully switched to main window
21:30:28:013 [main] INFO  - Successfully switched to main window
21:30:28:045 [main] INFO  - Successfully switched to main window
21:30:28:077 [main] INFO  - Successfully switched to main window
21:30:28:109 [main] INFO  - Successfully switched to main window
21:30:28:140 [main] INFO  - Successfully switched to main window
21:30:28:170 [main] INFO  - Successfully switched to main window
21:30:28:202 [main] INFO  - Successfully switched to main window
21:30:28:232 [main] INFO  - Successfully switched to main window
21:30:28:266 [main] INFO  - Successfully switched to main window
21:30:28:298 [main] INFO  - Successfully switched to main window
21:30:28:328 [main] INFO  - Successfully switched to main window
21:30:28:360 [main] INFO  - Successfully switched to main window
21:30:28:391 [main] INFO  - Successfully switched to main window
21:30:28:423 [main] INFO  - Successfully switched to main window
21:30:28:454 [main] INFO  - Successfully switched to main window
21:30:28:487 [main] INFO  - Successfully switched to main window
21:30:28:516 [main] INFO  - Successfully switched to main window
21:30:28:548 [main] INFO  - Successfully switched to main window
21:30:28:581 [main] INFO  - Successfully switched to main window
21:30:28:612 [main] INFO  - Successfully switched to main window
21:30:28:642 [main] INFO  - Successfully switched to main window
21:30:28:673 [main] INFO  - Successfully switched to main window
21:30:28:704 [main] INFO  - Successfully switched to main window
21:30:28:736 [main] INFO  - Successfully switched to main window
21:30:28:766 [main] INFO  - Successfully switched to main window
21:30:28:798 [main] INFO  - Successfully switched to main window
21:30:28:831 [main] INFO  - Successfully switched to main window
21:30:28:860 [main] INFO  - Successfully switched to main window
21:30:28:891 [main] INFO  - Successfully switched to main window
21:30:28:922 [main] INFO  - Successfully switched to main window
21:30:28:950 [main] INFO  - Successfully switched to main window
21:30:28:984 [main] INFO  - Successfully switched to main window
21:30:29:017 [main] INFO  - Successfully switched to main window
21:30:29:048 [main] INFO  - Successfully switched to main window
21:30:29:081 [main] INFO  - Successfully switched to main window
21:30:29:111 [main] INFO  - Successfully switched to main window
21:30:29:143 [main] INFO  - Successfully switched to main window
21:30:29:175 [main] INFO  - Successfully switched to main window
21:30:29:206 [main] INFO  - Successfully switched to main window
21:30:29:238 [main] INFO  - Successfully switched to main window
21:30:29:270 [main] INFO  - Successfully switched to main window
21:30:29:301 [main] INFO  - Successfully switched to main window
21:30:29:332 [main] INFO  - Successfully switched to main window
21:30:29:364 [main] INFO  - Successfully switched to main window
21:30:29:396 [main] INFO  - Successfully switched to main window
21:30:29:427 [main] INFO  - Successfully switched to main window
21:30:29:460 [main] INFO  - Successfully switched to main window
21:30:29:490 [main] INFO  - Successfully switched to main window
21:30:29:521 [main] INFO  - Successfully switched to main window
21:30:29:567 [main] INFO  - Successfully switched to main window
21:30:29:599 [main] INFO  - Successfully switched to main window
21:30:29:630 [main] INFO  - Successfully switched to main window
