21:30:29:663 [main] INFO  - Successfully switched to main window
21:30:29:695 [main] INFO  - Successfully switched to main window
21:30:29:727 [main] INFO  - Successfully switched to main window
21:30:29:757 [main] INFO  - Successfully switched to main window
21:30:29:789 [main] INFO  - Successfully switched to main window
21:30:29:820 [main] INFO  - Successfully switched to main window
21:30:29:851 [main] INFO  - Successfully switched to main window
21:30:29:881 [main] INFO  - Successfully switched to main window
21:30:29:913 [main] INFO  - Successfully switched to main window
21:30:29:943 [main] INFO  - Successfully switched to main window
21:30:29:975 [main] INFO  - Successfully switched to main window
21:30:30:006 [main] INFO  - Successfully switched to main window
21:30:30:038 [main] INFO  - Successfully switched to main window
21:30:30:069 [main] INFO  - Successfully switched to main window
21:30:30:101 [main] INFO  - Successfully switched to main window
21:30:30:132 [main] INFO  - Successfully switched to main window
21:30:30:163 [main] INFO  - Successfully switched to main window
21:30:30:193 [main] INFO  - Successfully switched to main window
21:30:30:226 [main] INFO  - Successfully switched to main window
21:30:30:257 [main] INFO  - Successfully switched to main window
21:30:30:348 [main] INFO  - Successfully switched to main window
21:30:30:390 [main] INFO  - Successfully switched to main window
21:30:30:417 [main] INFO  - Successfully switched to main window
21:30:30:447 [main] INFO  - Successfully switched to main window
21:30:30:479 [main] INFO  - Successfully switched to main window
21:30:30:510 [main] INFO  - Successfully switched to main window
21:30:30:541 [main] INFO  - Successfully switched to main window
21:30:30:589 [main] INFO  - Successfully switched to main window
21:30:30:623 [main] INFO  - Successfully switched to main window
21:30:30:651 [main] INFO  - Successfully switched to main window
21:30:30:683 [main] INFO  - Successfully switched to main window
21:30:30:715 [main] INFO  - Successfully switched to main window
21:30:30:745 [main] INFO  - Successfully switched to main window
21:30:30:776 [main] INFO  - Successfully switched to main window
21:30:30:807 [main] INFO  - Successfully switched to main window
21:30:30:840 [main] INFO  - Successfully switched to main window
21:30:30:872 [main] INFO  - Successfully switched to main window
21:30:30:921 [main] INFO  - Successfully switched to main window
21:30:30:961 [main] INFO  - Successfully switched to main window
21:30:30:991 [main] INFO  - Successfully switched to main window
21:30:31:022 [main] INFO  - Successfully switched to main window
21:30:31:052 [main] INFO  - Successfully switched to main window
21:30:31:085 [main] INFO  - Successfully switched to main window
21:30:31:116 [main] INFO  - Successfully switched to main window
21:30:31:146 [main] INFO  - Successfully switched to main window
21:30:31:178 [main] INFO  - Successfully switched to main window
21:30:31:211 [main] INFO  - Successfully switched to main window
21:30:31:243 [main] INFO  - Successfully switched to main window
21:30:31:274 [main] INFO  - Successfully switched to main window
21:30:31:305 [main] INFO  - Successfully switched to main window
21:30:31:336 [main] INFO  - Successfully switched to main window
21:30:31:367 [main] INFO  - Successfully switched to main window
21:30:31:399 [main] INFO  - Successfully switched to main window
21:30:31:432 [main] INFO  - Successfully switched to main window
21:30:31:482 [main] INFO  - Successfully switched to main window
21:30:31:528 [main] INFO  - Successfully switched to main window
21:30:31:571 [main] INFO  - Successfully switched to main window
21:30:31:607 [main] INFO  - Successfully switched to main window
21:30:31:637 [main] INFO  - Successfully switched to main window
21:30:31:662 [main] INFO  - Successfully switched to main window
21:30:31:694 [main] INFO  - Successfully switched to main window
21:30:31:725 [main] INFO  - Successfully switched to main window
21:30:31:756 [main] INFO  - Successfully switched to main window
21:30:31:788 [main] INFO  - Successfully switched to main window
21:30:31:827 [main] INFO  - Successfully switched to main window
21:30:31:871 [main] INFO  - Successfully switched to main window
21:30:31:897 [main] INFO  - Successfully switched to main window
21:30:31:930 [main] INFO  - Successfully switched to main window
21:30:31:960 [main] INFO  - Successfully switched to main window
21:30:31:992 [main] INFO  - Successfully switched to main window
21:30:32:024 [main] INFO  - Successfully switched to main window
21:30:32:056 [main] INFO  - Successfully switched to main window
21:30:32:087 [main] INFO  - Successfully switched to main window
21:30:32:119 [main] INFO  - Successfully switched to main window
21:30:32:167 [main] INFO  - Successfully switched to main window
21:30:32:212 [main] INFO  - Successfully switched to main window
21:30:32:242 [main] INFO  - Successfully switched to main window
21:30:32:274 [main] INFO  - Successfully switched to main window
21:30:32:306 [main] INFO  - Successfully switched to main window
21:30:32:337 [main] INFO  - Successfully switched to main window
21:30:32:369 [main] INFO  - Successfully switched to main window
21:30:32:400 [main] INFO  - Successfully switched to main window
21:30:32:433 [main] INFO  - Successfully switched to main window
21:30:32:479 [main] INFO  - Successfully switched to main window
21:30:32:529 [main] INFO  - Successfully switched to main window
21:30:32:559 [main] INFO  - Successfully switched to main window
21:30:32:587 [main] INFO  - Successfully switched to main window
21:30:32:619 [main] INFO  - Successfully switched to main window
21:30:32:651 [main] INFO  - Successfully switched to main window
21:30:32:897 [main] DEBUG - SuccessFully opened town in new Window
21:30:32:901 [main] INFO  - Successfully removed all window handles except for the recently opened town details window
21:30:32:921 [main] INFO  - Successfully switched to town details window
21:30:33:520 [main] INFO  - Successfully executed filterDate method of CommonLib class
21:30:33:551 [main] INFO  - Successfully switched to main window
21:30:33:580 [main] INFO  - Successfully switched to main window
21:30:33:615 [main] INFO  - Successfully switched to main window
21:30:33:647 [main] INFO  - Successfully switched to main window
21:30:33:672 [main] INFO  - Successfully switched to main window
21:30:33:705 [main] INFO  - Successfully switched to main window
21:30:33:737 [main] INFO  - Successfully switched to main window
21:30:33:769 [main] INFO  - Successfully switched to main window
21:30:33:816 [main] INFO  - Successfully switched to main window
21:30:33:852 [main] INFO  - Successfully switched to main window
21:30:33:876 [main] INFO  - Successfully switched to main window
21:30:33:908 [main] INFO  - Successfully switched to main window
21:30:33:940 [main] INFO  - Successfully switched to main window
21:30:34:005 [main] INFO  - Successfully switched to main window
21:30:34:034 [main] INFO  - Successfully switched to main window
21:30:34:064 [main] INFO  - Successfully switched to main window
21:30:34:080 [main] INFO  - Successfully switched to main window
21:30:34:097 [main] INFO  - Successfully switched to main window
21:30:34:128 [main] INFO  - Successfully switched to main window
21:30:34:163 [main] INFO  - Successfully switched to main window
21:30:34:211 [main] INFO  - Successfully switched to main window
21:30:34:260 [main] INFO  - Successfully switched to main window
21:30:34:306 [main] INFO  - Successfully switched to main window
21:30:34:354 [main] INFO  - Successfully switched to main window
21:30:34:426 [main] INFO  - Successfully switched to main window
21:30:34:459 [main] INFO  - Successfully switched to main window
21:30:34:486 [main] INFO  - Successfully switched to main window
21:30:34:520 [main] INFO  - Successfully switched to main window
21:30:34:550 [main] INFO  - Successfully switched to main window
21:30:34:582 [main] INFO  - Successfully switched to main window
21:30:34:631 [main] INFO  - Successfully switched to main window
21:30:34:664 [main] INFO  - Successfully switched to main window
21:30:34:689 [main] INFO  - Successfully switched to main window
21:30:34:723 [main] INFO  - Successfully switched to main window
21:30:34:753 [main] INFO  - Successfully switched to main window
21:30:34:785 [main] INFO  - Successfully switched to main window
21:30:34:816 [main] INFO  - Successfully switched to main window
21:30:34:845 [main] INFO  - Successfully switched to main window
21:30:34:861 [main] INFO  - Successfully switched to main window
21:30:34:876 [main] INFO  - Successfully switched to main window
21:30:34:892 [main] INFO  - Successfully switched to main window
21:30:34:908 [main] INFO  - Successfully switched to main window
21:30:34:946 [main] INFO  - Successfully switched to main window
21:30:34:992 [main] INFO  - Successfully switched to main window
21:30:35:039 [main] INFO  - Successfully switched to main window
21:30:35:087 [main] INFO  - Successfully switched to main window
21:30:35:146 [main] INFO  - Successfully switched to main window
21:30:35:176 [main] INFO  - Successfully switched to main window
21:30:35:206 [main] INFO  - Successfully switched to main window
21:30:35:237 [main] INFO  - Successfully switched to main window
21:30:35:269 [main] INFO  - Successfully switched to main window
21:30:35:304 [main] INFO  - Successfully switched to main window
21:30:35:399 [main] INFO  - Successfully switched to main window
21:30:35:442 [main] INFO  - Successfully switched to main window
21:30:35:471 [main] INFO  - Successfully switched to main window
21:30:35:502 [main] INFO  - Successfully switched to main window
21:30:35:516 [main] INFO  - Successfully switched to main window
21:30:35:532 [main] INFO  - Successfully switched to main window
